[I 2021-06-16 06:09:07,104] Trial 81 finished with value: 1.7474726245115977 and parameters: {'n_estimators': 865, 'max_depth': 6, 'reg_alpha': 6.241578085748399, 'reg_lambda': 7.968940979243462e-05, 'min_child_weight': 0.009924216733950445, 'gamma': 0.9951084125263066, 'learning_rate': 0.1282755722671896, 'colsample_bytree': 0.1}. Best is trial 73 with value: 1.746294556013029.
[I 2021-06-16 06:12:02,329] Trial 82 finished with value: 1.7464194154328667 and parameters: {'n_estimators': 913, 'max_depth': 6, 'reg_alpha': 9.449289424845324, 'reg_lambda': 0.001079159056743031, 'min_child_weight': 0.0052234117109304645, 'gamma': 1.2745137261628852, 'learning_rate': 0.054744195217428994, 'colsample_bytree': 0.12000000000000001}. Best is trial 73 with value: 1.746294556013029.
[I 2021-06-16 06:14:27,707] Trial 83 finished with value: 1.746365753990179 and parameters: {'n_estimators': 908, 'max_depth': 6, 'reg_alpha': 9.689935076243357, 'reg_lambda': 0.0009729697430078808, 'min_child_weight': 0.002463999378391619, 'gamma': 1.255104991326601, 'learning_rate': 0.059867767155576734, 'colsample_bytree': 0.11}. Best is trial 73 with value: 1.746294556013029.
[I 2021-06-16 06:17:14,045] Trial 84 finished with value: 1.7466631206262857 and parameters: {'n_estimators': 916, 'max_depth': 6, 'reg_alpha': 9.986580050964687, 'reg_lambda': 0.001688048565313939, 'min_child_weight': 0.005167070902461497, 'gamma': 1.2223868443971948, 'learning_rate': 0.0585637563622847, 'colsample_bytree': 0.18}. Best is trial 73 with value: 1.746294556013029.
[I 2021-06-16 06:19:57,630] Trial 85 finished with value: 1.7477874546446837 and parameters: {'n_estimators': 890, 'max_depth': 6, 'reg_alpha': 6.072942567274292, 'reg_lambda': 0.0017095555008148494, 'min_child_weight': 0.002182092053893328, 'gamma': 1.520704591122041, 'learning_rate': 0.05718319082748829, 'colsample_bytree': 0.25}. Best is trial 73 with value: 1.746294556013029.
[I 2021-06-16 06:22:13,971] Trial 86 finished with value: 1.7468820794639177 and parameters: {'n_estimators': 921, 'max_depth': 6, 'reg_alpha': 9.70475237689494, 'reg_lambda': 0.001382145816619063, 'min_child_weight': 0.005443851075228787, 'gamma': 0.8774420014106491, 'learning_rate': 0.07684066463716774, 'colsample_bytree': 0.18}. Best is trial 73 with value: 1.746294556013029.
[I 2021-06-16 06:23:43,317] Trial 87 finished with value: 1.7478450870147906 and parameters: {'n_estimators': 909, 'max_depth': 5, 'reg_alpha': 5.517171689541487, 'reg_lambda': 0.00022791035007536237, 'min_child_weight': 0.001012643481765417, 'gamma': 0.5614948813071697, 'learning_rate': 0.10897007334612283, 'colsample_bytree': 0.12000000000000001}. Best is trial 73 with value: 1.746294556013029.
[I 2021-06-16 06:26:16,509] Trial 88 finished with value: 1.7470353725241496 and parameters: {'n_estimators': 934, 'max_depth': 6, 'reg_alpha': 9.147376031821556, 'reg_lambda': 0.0031496056515934374, 'min_child_weight': 0.005075891770848181, 'gamma': 1.2767829269157156, 'learning_rate': 0.06358473970653178, 'colsample_bytree': 0.17}. Best is trial 73 with value: 1.746294556013029.
[I 2021-06-16 06:28:00,531] Trial 89 finished with value: 1.7479679878342897 and parameters: {'n_estimators': 854, 'max_depth': 6, 'reg_alpha': 3.4792329100044523, 'reg_lambda': 0.00013391172239669762, 'min_child_weight': 0.0020911989442275424, 'gamma': 1.736733766258956, 'learning_rate': 0.09737398110487437, 'colsample_bytree': 0.12000000000000001}. Best is trial 73 with value: 1.746294556013029.
[I 2021-06-16 06:29:48,090] Trial 90 finished with value: 1.7491926515707745 and parameters: {'n_estimators': 835, 'max_depth': 6, 'reg_alpha': 2.1576424120622684, 'reg_lambda': 0.0006804142965528162, 'min_child_weight': 0.011241890640411313, 'gamma': 0.7976424654076671, 'learning_rate': 0.07424589682767253, 'colsample_bytree': 0.21000000000000002}. Best is trial 73 with value: 1.746294556013029.
[I 2021-06-16 06:32:43,644] Trial 91 finished with value: 1.7466704687049612 and parameters: {'n_estimators': 868, 'max_depth': 6, 'reg_alpha': 9.912804148109284, 'reg_lambda': 0.0003642418615881976, 'min_child_weight': 0.01908192644249798, 'gamma': 1.1406417043508545, 'learning_rate': 0.05352523523487225, 'colsample_bytree': 0.16}. Best is trial 73 with value: 1.746294556013029.
[I 2021-06-16 06:35:26,670] Trial 92 finished with value: 1.7468220627960749 and parameters: {'n_estimators': 885, 'max_depth': 6, 'reg_alpha': 9.74030725458249, 'reg_lambda': 0.0009132955740774245, 'min_child_weight': 0.017814361954085953, 'gamma': 1.1541898320834216, 'learning_rate': 0.055102722487401605, 'colsample_bytree': 0.17}. Best is trial 73 with value: 1.746294556013029.
[I 2021-06-16 06:40:45,052] Trial 93 finished with value: 1.747878736289125 and parameters: {'n_estimators': 904, 'max_depth': 6, 'reg_alpha': 6.306551630471172, 'reg_lambda': 0.00032070111256309356, 'min_child_weight': 0.007416662456720933, 'gamma': 4.793320425159347, 'learning_rate': 0.0874473400013314, 'colsample_bytree': 0.12000000000000001}. Best is trial 73 with value: 1.746294556013029.
[I 2021-06-16 06:43:52,585] Trial 94 finished with value: 1.7469934117233847 and parameters: {'n_estimators': 867, 'max_depth': 6, 'reg_alpha': 9.397491320839809, 'reg_lambda': 4.0406701937564876e-05, 'min_child_weight': 0.00987894178244726, 'gamma': 2.01605965843441, 'learning_rate': 0.06487505539411952, 'colsample_bytree': 0.16}. Best is trial 73 with value: 1.746294556013029.
[I 2021-06-16 06:46:37,410] Trial 95 finished with value: 1.7480859378397464 and parameters: {'n_estimators': 919, 'max_depth': 6, 'reg_alpha': 5.053893858468021, 'reg_lambda': 0.00011618786626224526, 'min_child_weight': 0.019208631294919117, 'gamma': 0.58537549154557, 'learning_rate': 0.053259179693987656, 'colsample_bytree': 0.24000000000000002}. Best is trial 73 with value: 1.746294556013029.
[I 2021-06-16 06:48:40,800] Trial 96 finished with value: 1.7471615120626054 and parameters: {'n_estimators': 887, 'max_depth': 6, 'reg_alpha': 9.832539466070493, 'reg_lambda': 0.0011225678958069862, 'min_child_weight': 0.005642904984388626, 'gamma': 0.9616747469549624, 'learning_rate': 0.08075240917848792, 'colsample_bytree': 0.18}. Best is trial 73 with value: 1.746294556013029.
[I 2021-06-16 06:49:43,917] Trial 97 finished with value: 1.749569996178802 and parameters: {'n_estimators': 936, 'max_depth': 6, 'reg_alpha': 3.5611882188287542, 'reg_lambda': 0.0003367035143185494, 'min_child_weight': 0.037927132777740014, 'gamma': 0.740716656540572, 'learning_rate': 0.18174446975015343, 'colsample_bytree': 0.12000000000000001}. Best is trial 73 with value: 1.746294556013029.
[I 2021-06-16 06:56:51,595] Trial 98 finished with value: 1.7503597727443092 and parameters: {'n_estimators': 748, 'max_depth': 6, 'reg_alpha': 7.2212842934586075, 'reg_lambda': 0.003041909333175558, 'min_child_weight': 0.0026891866948371107, 'gamma': 1.326136359620106, 'learning_rate': 0.03614027326028172, 'colsample_bytree': 0.85}. Best is trial 73 with value: 1.746294556013029.
[I 2021-06-16 06:58:41,051] Trial 99 finished with value: 1.7499414645000362 and parameters: {'n_estimators': 849, 'max_depth': 6, 'reg_alpha': 0.013229769753262682, 'reg_lambda': 1.8985038016349524e-05, 'min_child_weight': 0.00416271803478152, 'gamma': 1.9164434130497503, 'learning_rate': 0.06994341902193696, 'colsample_bytree': 0.16}. Best is trial 73 with value: 1.746294556013029.