[I 2021-06-13 00:20:04,421] Trial 0 finished with value: 1.75385617977269 and parameters: {'n_estimators': 808, 'max_depth': 3, 'reg_alpha': 3, 'reg_lambda': 4, 'min_child_weight': 4, 'gamma': 0, 'learning_rate': 0.012998717766152497, 'colsample_bytree': 0.35}. Best is trial 0 with value: 1.75385617977269.
[I 2021-06-13 00:26:50,553] Trial 1 finished with value: 1.7582609366931021 and parameters: {'n_estimators': 727, 'max_depth': 3, 'reg_alpha': 4, 'reg_lambda': 2, 'min_child_weight': 0, 'gamma': 3, 'learning_rate': 0.01040729929842442, 'colsample_bytree': 0.95}. Best is trial 0 with value: 1.75385617977269.
[I 2021-06-13 00:31:15,532] Trial 2 finished with value: 1.7514881558927708 and parameters: {'n_estimators': 677, 'max_depth': 4, 'reg_alpha': 2, 'reg_lambda': 3, 'min_child_weight': 4, 'gamma': 2, 'learning_rate': 0.06201960996796921, 'colsample_bytree': 0.77}. Best is trial 2 with value: 1.7514881558927708.
[I 2021-06-13 00:34:22,349] Trial 3 finished with value: 1.7510100428474136 and parameters: {'n_estimators': 556, 'max_depth': 3, 'reg_alpha': 3, 'reg_lambda': 3, 'min_child_weight': 1, 'gamma': 4, 'learning_rate': 0.13314417068096313, 'colsample_bytree': 0.49}. Best is trial 3 with value: 1.7510100428474136.
[I 2021-06-13 00:40:26,095] Trial 4 finished with value: 1.7557185910142958 and parameters: {'n_estimators': 939, 'max_depth': 4, 'reg_alpha': 3, 'reg_lambda': 3, 'min_child_weight': 1, 'gamma': 2, 'learning_rate': 0.006992507039694466, 'colsample_bytree': 0.35}. Best is trial 3 with value: 1.7510100428474136.
[I 2021-06-13 00:42:39,964] Trial 5 finished with value: 1.7514945459103213 and parameters: {'n_estimators': 682, 'max_depth': 2, 'reg_alpha': 2, 'reg_lambda': 1, 'min_child_weight': 2, 'gamma': 2, 'learning_rate': 0.06227563657560751, 'colsample_bytree': 0.33999999999999997}. Best is trial 3 with value: 1.7510100428474136.
[I 2021-06-13 00:55:15,889] Trial 6 finished with value: 1.7486924904636107 and parameters: {'n_estimators': 917, 'max_depth': 6, 'reg_alpha': 4, 'reg_lambda': 3, 'min_child_weight': 0, 'gamma': 5, 'learning_rate': 0.04010633533239592, 'colsample_bytree': 0.55}. Best is trial 6 with value: 1.7486924904636107.
[I 2021-06-13 00:59:43,226] Trial 7 finished with value: 1.7509440366724507 and parameters: {'n_estimators': 952, 'max_depth': 3, 'reg_alpha': 5, 'reg_lambda': 1, 'min_child_weight': 1, 'gamma': 5, 'learning_rate': 0.11233807342806407, 'colsample_bytree': 0.35}. Best is trial 6 with value: 1.7486924904636107.
[I 2021-06-13 01:00:40,658] Trial 8 finished with value: 1.75037934411522 and parameters: {'n_estimators': 983, 'max_depth': 4, 'reg_alpha': 5, 'reg_lambda': 3, 'min_child_weight': 0, 'gamma': 0, 'learning_rate': 0.18257112651097376, 'colsample_bytree': 0.21000000000000002}. Best is trial 6 with value: 1.7486924904636107.
[I 2021-06-13 01:02:58,181] Trial 9 finished with value: 1.7539903219380415 and parameters: {'n_estimators': 547, 'max_depth': 5, 'reg_alpha': 0, 'reg_lambda': 5, 'min_child_weight': 1, 'gamma': 4, 'learning_rate': 0.23852405510665467, 'colsample_bytree': 0.94}. Best is trial 6 with value: 1.7486924904636107.
[I 2021-06-13 01:15:47,448] Trial 10 finished with value: 1.7500652843864635 and parameters: {'n_estimators': 848, 'max_depth': 6, 'reg_alpha': 0, 'reg_lambda': 5, 'min_child_weight': 5, 'gamma': 5, 'learning_rate': 0.030896653742155045, 'colsample_bytree': 0.7}. Best is trial 6 with value: 1.7486924904636107.
[I 2021-06-13 01:28:37,026] Trial 11 finished with value: 1.7498834312162361 and parameters: {'n_estimators': 852, 'max_depth': 6, 'reg_alpha': 0, 'reg_lambda': 5, 'min_child_weight': 5, 'gamma': 5, 'learning_rate': 0.02133083533860408, 'colsample_bytree': 0.66}. Best is trial 6 with value: 1.7486924904636107.
[I 2021-06-13 01:41:05,836] Trial 12 finished with value: 1.749615772363916 and parameters: {'n_estimators': 872, 'max_depth': 6, 'reg_alpha': 1, 'reg_lambda': 5, 'min_child_weight': 3, 'gamma': 5, 'learning_rate': 0.024213643565194738, 'colsample_bytree': 0.62}. Best is trial 6 with value: 1.7486924904636107.
[I 2021-06-13 01:48:07,563] Trial 13 finished with value: 1.7498662734087556 and parameters: {'n_estimators': 904, 'max_depth': 6, 'reg_alpha': 1, 'reg_lambda': 0, 'min_child_weight': 3, 'gamma': 4, 'learning_rate': 0.03316543277883045, 'colsample_bytree': 0.54}. Best is trial 6 with value: 1.7486924904636107.
[I 2021-06-13 01:59:13,724] Trial 14 finished with value: 1.750273012885358 and parameters: {'n_estimators': 785, 'max_depth': 5, 'reg_alpha': 4, 'reg_lambda': 4, 'min_child_weight': 3, 'gamma': 3, 'learning_rate': 0.01901211121498218, 'colsample_bytree': 0.82}. Best is trial 6 with value: 1.7486924904636107.
[I 2021-06-13 02:07:10,641] Trial 15 finished with value: 1.7497296737302095 and parameters: {'n_estimators': 888, 'max_depth': 5, 'reg_alpha': 1, 'reg_lambda': 4, 'min_child_weight': 2, 'gamma': 5, 'learning_rate': 0.052769975461318806, 'colsample_bytree': 0.59}. Best is trial 6 with value: 1.7486924904636107.
[I 2021-06-13 02:08:47,712] Trial 16 finished with value: 1.7545386761112138 and parameters: {'n_estimators': 991, 'max_depth': 6, 'reg_alpha': 4, 'reg_lambda': 2, 'min_child_weight': 4, 'gamma': 4, 'learning_rate': 0.4406164205131946, 'colsample_bytree': 0.53}. Best is trial 6 with value: 1.7486924904636107.
[I 2021-06-13 02:13:54,983] Trial 17 finished with value: 1.749835490565002 and parameters: {'n_estimators': 893, 'max_depth': 5, 'reg_alpha': 1, 'reg_lambda': 4, 'min_child_weight': 3, 'gamma': 1, 'learning_rate': 0.03484404216985561, 'colsample_bytree': 0.44000000000000006}. Best is trial 6 with value: 1.7486924904636107.
[I 2021-06-13 02:21:04,998] Trial 18 finished with value: 1.7580886506348847 and parameters: {'n_estimators': 999, 'max_depth': 6, 'reg_alpha': 2, 'reg_lambda': 1, 'min_child_weight': 2, 'gamma': 5, 'learning_rate': 0.005233012686898943, 'colsample_bytree': 0.17}. Best is trial 6 with value: 1.7486924904636107.
[I 2021-06-13 02:24:31,140] Trial 19 finished with value: 1.749941669144947 and parameters: {'n_estimators': 814, 'max_depth': 5, 'reg_alpha': 5, 'reg_lambda': 5, 'min_child_weight': 0, 'gamma': 3, 'learning_rate': 0.0881515114110574, 'colsample_bytree': 0.65}. Best is trial 6 with value: 1.7486924904636107.
[I 2021-06-13 02:38:08,639] Trial 20 finished with value: 1.7499448941021227 and parameters: {'n_estimators': 743, 'max_depth': 6, 'reg_alpha': 4, 'reg_lambda': 2, 'min_child_weight': 3, 'gamma': 4, 'learning_rate': 0.019477605140824212, 'colsample_bytree': 0.86}. Best is trial 6 with value: 1.7486924904636107.
[I 2021-06-13 02:46:04,035] Trial 21 finished with value: 1.7499670491216703 and parameters: {'n_estimators': 897, 'max_depth': 5, 'reg_alpha': 1, 'reg_lambda': 4, 'min_child_weight': 2, 'gamma': 5, 'learning_rate': 0.03982024578202998, 'colsample_bytree': 0.58}. Best is trial 6 with value: 1.7486924904636107.
[I 2021-06-13 02:53:32,547] Trial 22 finished with value: 1.7499405000797472 and parameters: {'n_estimators': 860, 'max_depth': 5, 'reg_alpha': 1, 'reg_lambda': 4, 'min_child_weight': 2, 'gamma': 5, 'learning_rate': 0.05122557060793158, 'colsample_bytree': 0.61}. Best is trial 6 with value: 1.7486924904636107.
[I 2021-06-13 03:00:07,342] Trial 23 finished with value: 1.7498613410810009 and parameters: {'n_estimators': 944, 'max_depth': 6, 'reg_alpha': 2, 'reg_lambda': 4, 'min_child_weight': 4, 'gamma': 5, 'learning_rate': 0.08037357825697997, 'colsample_bytree': 0.73}. Best is trial 6 with value: 1.7486924904636107.
[I 2021-06-13 03:08:48,690] Trial 24 finished with value: 1.7494200688623822 and parameters: {'n_estimators': 910, 'max_depth': 5, 'reg_alpha': 1, 'reg_lambda': 5, 'min_child_weight': 3, 'gamma': 4, 'learning_rate': 0.0235433604187248, 'colsample_bytree': 0.45999999999999996}. Best is trial 6 with value: 1.7486924904636107.
[I 2021-06-13 03:20:20,066] Trial 25 finished with value: 1.7496191199057736 and parameters: {'n_estimators': 939, 'max_depth': 6, 'reg_alpha': 0, 'reg_lambda': 5, 'min_child_weight': 3, 'gamma': 4, 'learning_rate': 0.011011319675731835, 'colsample_bytree': 0.44000000000000006}. Best is trial 6 with value: 1.7486924904636107.
[I 2021-06-13 03:27:49,018] Trial 26 finished with value: 1.7493566737004556 and parameters: {'n_estimators': 778, 'max_depth': 5, 'reg_alpha': 1, 'reg_lambda': 5, 'min_child_weight': 4, 'gamma': 4, 'learning_rate': 0.02103006725659698, 'colsample_bytree': 0.44000000000000006}. Best is trial 6 with value: 1.7486924904636107.
[I 2021-06-13 03:31:22,636] Trial 27 finished with value: 1.7524479663873092 and parameters: {'n_estimators': 649, 'max_depth': 4, 'reg_alpha': 2, 'reg_lambda': 0, 'min_child_weight': 5, 'gamma': 3, 'learning_rate': 0.013388309884020691, 'colsample_bytree': 0.26}. Best is trial 6 with value: 1.7486924904636107.
[I 2021-06-13 03:39:00,160] Trial 28 finished with value: 1.7497517440150492 and parameters: {'n_estimators': 790, 'max_depth': 5, 'reg_alpha': 3, 'reg_lambda': 5, 'min_child_weight': 4, 'gamma': 4, 'learning_rate': 0.015322506408029861, 'colsample_bytree': 0.44000000000000006}. Best is trial 6 with value: 1.7486924904636107.
[I 2021-06-13 03:42:26,010] Trial 29 finished with value: 1.757254807092622 and parameters: {'n_estimators': 821, 'max_depth': 5, 'reg_alpha': 3, 'reg_lambda': 4, 'min_child_weight': 4, 'gamma': 3, 'learning_rate': 0.00814837819713406, 'colsample_bytree': 0.1}. Best is trial 6 with value: 1.7486924904636107.
[I 2021-06-13 03:45:46,541] Trial 30 finished with value: 1.7499066386728548 and parameters: {'n_estimators': 606, 'max_depth': 4, 'reg_alpha': 0, 'reg_lambda': 3, 'min_child_weight': 4, 'gamma': 4, 'learning_rate': 0.027174056102112314, 'colsample_bytree': 0.29000000000000004}. Best is trial 6 with value: 1.7486924904636107.
[I 2021-06-13 03:56:34,800] Trial 31 finished with value: 1.7490115149491468 and parameters: {'n_estimators': 866, 'max_depth': 6, 'reg_alpha': 1, 'reg_lambda': 5, 'min_child_weight': 3, 'gamma': 5, 'learning_rate': 0.025215828539218107, 'colsample_bytree': 0.51}. Best is trial 6 with value: 1.7486924904636107.
[I 2021-06-13 04:04:12,344] Trial 32 finished with value: 1.7498786644972861 and parameters: {'n_estimators': 769, 'max_depth': 5, 'reg_alpha': 1, 'reg_lambda': 5, 'min_child_weight': 3, 'gamma': 4, 'learning_rate': 0.018353153349740595, 'colsample_bytree': 0.49}. Best is trial 6 with value: 1.7486924904636107.
[I 2021-06-13 04:14:22,329] Trial 33 finished with value: 1.7486121919567696 and parameters: {'n_estimators': 915, 'max_depth': 6, 'reg_alpha': 2, 'reg_lambda': 5, 'min_child_weight': 4, 'gamma': 5, 'learning_rate': 0.03934741660764429, 'colsample_bytree': 0.39}. Best is trial 33 with value: 1.7486121919567696.
[I 2021-06-13 04:23:17,032] Trial 34 finished with value: 1.7483626734369435 and parameters: {'n_estimators': 827, 'max_depth': 6, 'reg_alpha': 2, 'reg_lambda': 5, 'min_child_weight': 5, 'gamma': 5, 'learning_rate': 0.03933135080998581, 'colsample_bytree': 0.4}. Best is trial 34 with value: 1.7483626734369435.
[I 2021-06-13 04:31:44,168] Trial 35 finished with value: 1.7485580194974317 and parameters: {'n_estimators': 840, 'max_depth': 6, 'reg_alpha': 2, 'reg_lambda': 4, 'min_child_weight': 5, 'gamma': 5, 'learning_rate': 0.04166908618990358, 'colsample_bytree': 0.39}. Best is trial 34 with value: 1.7483626734369435.
[I 2021-06-13 04:39:16,317] Trial 36 finished with value: 1.7481993529925124 and parameters: {'n_estimators': 830, 'max_depth': 6, 'reg_alpha': 2, 'reg_lambda': 3, 'min_child_weight': 5, 'gamma': 5, 'learning_rate': 0.04223943411437889, 'colsample_bytree': 0.33}. Best is trial 36 with value: 1.7481993529925124.
[I 2021-06-13 04:42:02,458] Trial 37 finished with value: 1.7527651174912229 and parameters: {'n_estimators': 826, 'max_depth': 2, 'reg_alpha': 2, 'reg_lambda': 3, 'min_child_weight': 5, 'gamma': 5, 'learning_rate': 0.06395620323567233, 'colsample_bytree': 0.36}. Best is trial 36 with value: 1.7481993529925124.
[I 2021-06-13 04:46:17,059] Trial 38 finished with value: 1.7493754617349244 and parameters: {'n_estimators': 727, 'max_depth': 6, 'reg_alpha': 2, 'reg_lambda': 4, 'min_child_weight': 5, 'gamma': 1, 'learning_rate': 0.04454506564564903, 'colsample_bytree': 0.4}. Best is trial 36 with value: 1.7481993529925124.
[I 2021-06-13 04:52:17,900] Trial 39 finished with value: 1.7488662418316119 and parameters: {'n_estimators': 707, 'max_depth': 6, 'reg_alpha': 3, 'reg_lambda': 2, 'min_child_weight': 5, 'gamma': 5, 'learning_rate': 0.10024074484635459, 'colsample_bytree': 0.29000000000000004}. Best is trial 36 with value: 1.7481993529925124.
[I 2021-06-13 04:58:09,435] Trial 40 finished with value: 1.7483002074157818 and parameters: {'n_estimators': 822, 'max_depth': 6, 'reg_alpha': 2, 'reg_lambda': 3, 'min_child_weight': 5, 'gamma': 5, 'learning_rate': 0.06563959645793088, 'colsample_bytree': 0.22}. Best is trial 36 with value: 1.7481993529925124.
[I 2021-06-13 05:02:22,543] Trial 41 finished with value: 1.7485356102427467 and parameters: {'n_estimators': 835, 'max_depth': 6, 'reg_alpha': 2, 'reg_lambda': 3, 'min_child_weight': 5, 'gamma': 5, 'learning_rate': 0.07058786117567463, 'colsample_bytree': 0.21000000000000002}. Best is trial 36 with value: 1.7481993529925124.
[I 2021-06-13 05:05:31,528] Trial 42 finished with value: 1.7484049899780192 and parameters: {'n_estimators': 843, 'max_depth': 6, 'reg_alpha': 2, 'reg_lambda': 3, 'min_child_weight': 5, 'gamma': 5, 'learning_rate': 0.14733526374182304, 'colsample_bytree': 0.14}. Best is trial 36 with value: 1.7481993529925124.
[I 2021-06-13 05:07:43,020] Trial 43 finished with value: 1.74907216481911 and parameters: {'n_estimators': 811, 'max_depth': 6, 'reg_alpha': 3, 'reg_lambda': 3, 'min_child_weight': 5, 'gamma': 5, 'learning_rate': 0.21552350288608216, 'colsample_bytree': 0.1}. Best is trial 36 with value: 1.7481993529925124.
[I 2021-06-13 05:11:07,498] Trial 44 finished with value: 1.7483229723441414 and parameters: {'n_estimators': 799, 'max_depth': 6, 'reg_alpha': 2, 'reg_lambda': 3, 'min_child_weight': 5, 'gamma': 5, 'learning_rate': 0.14460747271850444, 'colsample_bytree': 0.15000000000000002}. Best is trial 36 with value: 1.7481993529925124.
[I 2021-06-13 05:13:53,431] Trial 45 finished with value: 1.7490359859975986 and parameters: {'n_estimators': 747, 'max_depth': 6, 'reg_alpha': 3, 'reg_lambda': 3, 'min_child_weight': 5, 'gamma': 5, 'learning_rate': 0.1434866600945595, 'colsample_bytree': 0.2}. Best is trial 36 with value: 1.7481993529925124.
[I 2021-06-13 05:15:38,743] Trial 46 finished with value: 1.7517449468693695 and parameters: {'n_estimators': 799, 'max_depth': 3, 'reg_alpha': 2, 'reg_lambda': 2, 'min_child_weight': 5, 'gamma': 4, 'learning_rate': 0.34823436303510635, 'colsample_bytree': 0.15000000000000002}. Best is trial 36 with value: 1.7481993529925124.
[I 2021-06-13 05:19:28,294] Trial 47 finished with value: 1.7497640454706735 and parameters: {'n_estimators': 774, 'max_depth': 6, 'reg_alpha': 2, 'reg_lambda': 3, 'min_child_weight': 5, 'gamma': 5, 'learning_rate': 0.15493965368944035, 'colsample_bytree': 0.26}. Best is trial 36 with value: 1.7481993529925124.
[I 2021-06-13 05:22:44,252] Trial 48 finished with value: 1.7479775622406974 and parameters: {'n_estimators': 877, 'max_depth': 6, 'reg_alpha': 2, 'reg_lambda': 3, 'min_child_weight': 4, 'gamma': 5, 'learning_rate': 0.11603205131000091, 'colsample_bytree': 0.13}. Best is trial 48 with value: 1.7479775622406974.
[I 2021-06-13 05:25:24,071] Trial 49 finished with value: 1.749411645926349 and parameters: {'n_estimators': 502, 'max_depth': 6, 'reg_alpha': 3, 'reg_lambda': 2, 'min_child_weight': 4, 'gamma': 4, 'learning_rate': 0.11680417224632979, 'colsample_bytree': 0.30000000000000004}. Best is trial 48 with value: 1.7479775622406974.
[I 2021-06-13 08:48:58,721] Trial 0 finished with value: 1.7490404878336936 and parameters: {'n_estimators': 705, 'max_depth': 4, 'reg_alpha': 0.0001684074954321138, 'reg_lambda': 0.0007752471897033459, 'min_child_weight': 0, 'gamma': 0.026337634016483966, 'learning_rate': 0.023144850974167585, 'colsample_bytree': 0.13}. Best is trial 0 with value: 1.7490404878336936.
[I 2021-06-13 08:50:50,431] Trial 1 finished with value: 1.7548422087690794 and parameters: {'n_estimators': 528, 'max_depth': 5, 'reg_alpha': 0.15935735063272372, 'reg_lambda': 8.791795314009677, 'min_child_weight': 1, 'gamma': 1.1448300599961792, 'learning_rate': 0.3019537701900377, 'colsample_bytree': 0.82}. Best is trial 0 with value: 1.7490404878336936.
[I 2021-06-13 08:52:33,142] Trial 2 finished with value: 1.750425534247607 and parameters: {'n_estimators': 560, 'max_depth': 3, 'reg_alpha': 0.0008605862903264809, 'reg_lambda': 1.6378354635171095, 'min_child_weight': 5, 'gamma': 0.001977414819726597, 'learning_rate': 0.06845230449173335, 'colsample_bytree': 0.19}. Best is trial 0 with value: 1.7490404878336936.
[I 2021-06-13 08:57:12,852] Trial 3 finished with value: 1.7645099201317878 and parameters: {'n_estimators': 965, 'max_depth': 3, 'reg_alpha': 7.714586004863795e-05, 'reg_lambda': 0.0024003862131888464, 'min_child_weight': 5, 'gamma': 0.0010917579174526716, 'learning_rate': 0.005583295785983812, 'colsample_bytree': 0.37}. Best is trial 0 with value: 1.7490404878336936.
[I 2021-06-13 08:59:14,100] Trial 4 finished with value: 1.750864281286113 and parameters: {'n_estimators': 611, 'max_depth': 3, 'reg_alpha': 0.00023105406253760038, 'reg_lambda': 0.027490861666421687, 'min_child_weight': 0, 'gamma': 2.743655098476089e-05, 'learning_rate': 0.0477046149537537, 'colsample_bytree': 0.19}. Best is trial 0 with value: 1.7490404878336936.
[I 2021-06-13 09:02:47,378] Trial 5 finished with value: 1.751220928536728 and parameters: {'n_estimators': 543, 'max_depth': 4, 'reg_alpha': 0.018695254876233025, 'reg_lambda': 0.00020469488289416208, 'min_child_weight': 0, 'gamma': 1.1897781787980625e-05, 'learning_rate': 0.020904614707722, 'colsample_bytree': 0.36}. Best is trial 0 with value: 1.7490404878336936.
[I 2021-06-13 09:07:16,706] Trial 6 finished with value: 1.7525956028610468 and parameters: {'n_estimators': 517, 'max_depth': 3, 'reg_alpha': 0.0007451820533180682, 'reg_lambda': 4.191067651267473e-05, 'min_child_weight': 0, 'gamma': 2.5755302696098226, 'learning_rate': 0.03994446828944279, 'colsample_bytree': 0.87}. Best is trial 0 with value: 1.7490404878336936.
[I 2021-06-13 09:10:51,485] Trial 7 finished with value: 1.756681629677862 and parameters: {'n_estimators': 713, 'max_depth': 2, 'reg_alpha': 0.00091932745105714, 'reg_lambda': 0.0001077718594589311, 'min_child_weight': 4, 'gamma': 0.5398181741310488, 'learning_rate': 0.01988175433209085, 'colsample_bytree': 0.6799999999999999}. Best is trial 0 with value: 1.7490404878336936.
[I 2021-06-13 09:13:42,496] Trial 8 finished with value: 1.7530374797540718 and parameters: {'n_estimators': 692, 'max_depth': 6, 'reg_alpha': 8.504737995054226e-05, 'reg_lambda': 7.112007949792538e-05, 'min_child_weight': 1, 'gamma': 4.837165931042167, 'learning_rate': 0.12930527697618935, 'colsample_bytree': 0.71}. Best is trial 0 with value: 1.7490404878336936.
[I 2021-06-13 09:15:59,835] Trial 9 finished with value: 1.752179573887866 and parameters: {'n_estimators': 868, 'max_depth': 6, 'reg_alpha': 2.0292418100417806, 'reg_lambda': 0.16991521695918255, 'min_child_weight': 1, 'gamma': 1.271424613285167e-05, 'learning_rate': 0.12368469762216128, 'colsample_bytree': 0.53}. Best is trial 0 with value: 1.7490404878336936.
[I 2021-06-13 09:19:24,825] Trial 10 finished with value: 1.7626916007563471 and parameters: {'n_estimators': 801, 'max_depth': 5, 'reg_alpha': 1.0739958904042351e-05, 'reg_lambda': 0.002592307510549708, 'min_child_weight': 3, 'gamma': 0.04257500146951149, 'learning_rate': 0.006581010403314179, 'colsample_bytree': 0.1}. Best is trial 0 with value: 1.7490404878336936.
[I 2021-06-13 09:22:22,924] Trial 11 finished with value: 1.7507069339558483 and parameters: {'n_estimators': 617, 'max_depth': 4, 'reg_alpha': 0.007101601596989229, 'reg_lambda': 6.6801256179659045, 'min_child_weight': 5, 'gamma': 0.0025972638191931346, 'learning_rate': 0.017538964312440876, 'colsample_bytree': 0.21000000000000002}. Best is trial 0 with value: 1.7490404878336936.
[I 2021-06-13 09:23:19,232] Trial 12 finished with value: 1.7516157797511667 and parameters: {'n_estimators': 643, 'max_depth': 2, 'reg_alpha': 0.0053105015438829825, 'reg_lambda': 0.5441528855446699, 'min_child_weight': 3, 'gamma': 0.04625145416006109, 'learning_rate': 0.10336995586704002, 'colsample_bytree': 0.1}. Best is trial 0 with value: 1.7490404878336936.
[I 2021-06-13 09:27:51,867] Trial 13 finished with value: 1.7540910693386569 and parameters: {'n_estimators': 788, 'max_depth': 4, 'reg_alpha': 2.3232852881123138e-05, 'reg_lambda': 0.0006956067143375326, 'min_child_weight': 2, 'gamma': 0.00023603131263499804, 'learning_rate': 0.0095624124496152, 'colsample_bytree': 0.33}. Best is trial 0 with value: 1.7490404878336936.
[I 2021-06-13 09:29:44,775] Trial 14 finished with value: 1.7506693162454292 and parameters: {'n_estimators': 873, 'max_depth': 3, 'reg_alpha': 0.0015315714031531077, 'reg_lambda': 0.03096346610681881, 'min_child_weight': 4, 'gamma': 0.017604026104410378, 'learning_rate': 0.07192859831281376, 'colsample_bytree': 0.25}. Best is trial 0 with value: 1.7490404878336936.
[I 2021-06-13 09:31:07,616] Trial 15 finished with value: 1.7534799307373352 and parameters: {'n_estimators': 590, 'max_depth': 5, 'reg_alpha': 0.08884918817985846, 'reg_lambda': 1.0288240744174642, 'min_child_weight': 2, 'gamma': 0.24412774965350853, 'learning_rate': 0.23369167032183993, 'colsample_bytree': 0.47}. Best is trial 0 with value: 1.7490404878336936.
