[I 2021-06-13 15:44:24,622] Trial 23 finished with value: 1.7496285086703487 and parameters: {'n_estimators': 955, 'max_depth': 5, 'reg_alpha': 2.279134360408954, 'reg_lambda': 9.443247598001241, 'min_child_weight': 7.446353516255805e-05, 'gamma': 0.0009890283962536498, 'learning_rate': 0.04243383427972765, 'colsample_bytree': 0.45000000000000007}. Best is trial 21 with value: 1.7485433403434232.
[I 2021-06-13 15:47:43,985] Trial 24 finished with value: 1.7487170060208068 and parameters: {'n_estimators': 836, 'max_depth': 5, 'reg_alpha': 2.1601308868573055, 'reg_lambda': 7.67976896794894, 'min_child_weight': 7.32849148224557e-05, 'gamma': 0.000739445693813321, 'learning_rate': 0.045951070356187194, 'colsample_bytree': 0.27}. Best is trial 21 with value: 1.7485433403434232.
[I 2021-06-13 15:53:19,003] Trial 25 finished with value: 1.7488164099018089 and parameters: {'n_estimators': 858, 'max_depth': 5, 'reg_alpha': 1.016189117073512e-05, 'reg_lambda': 6.44793820758142, 'min_child_weight': 0.001749350293061468, 'gamma': 0.004744202233463923, 'learning_rate': 0.0254278158644394, 'colsample_bytree': 0.24000000000000002}. Best is trial 21 with value: 1.7485433403434232.
[I 2021-06-13 15:59:34,251] Trial 26 finished with value: 1.748693811532855 and parameters: {'n_estimators': 850, 'max_depth': 5, 'reg_alpha': 8.129768631494665e-05, 'reg_lambda': 9.154094729336546, 'min_child_weight': 0.0020232622208255975, 'gamma': 0.009053900850173137, 'learning_rate': 0.014573182698849834, 'colsample_bytree': 0.24000000000000002}. Best is trial 21 with value: 1.7485433403434232.
[I 2021-06-13 16:02:56,601] Trial 27 finished with value: 1.7543823587283491 and parameters: {'n_estimators': 790, 'max_depth': 3, 'reg_alpha': 0.00018645619941181667, 'reg_lambda': 8.101476824059539, 'min_child_weight': 1.2185138921602167e-05, 'gamma': 0.0004934476393527169, 'learning_rate': 0.012531618160823503, 'colsample_bytree': 0.26}. Best is trial 21 with value: 1.7485433403434232.
[I 2021-06-13 16:07:14,062] Trial 28 finished with value: 1.7632498420860618 and parameters: {'n_estimators': 754, 'max_depth': 4, 'reg_alpha': 6.32786371150505e-05, 'reg_lambda': 2.4948178724644947, 'min_child_weight': 0.0024839950521674363, 'gamma': 0.007847437521854603, 'learning_rate': 0.006227053781653039, 'colsample_bytree': 0.26}. Best is trial 21 with value: 1.7485433403434232.
[I 2021-06-13 16:10:10,729] Trial 29 finished with value: 1.7733399028398096 and parameters: {'n_estimators': 838, 'max_depth': 4, 'reg_alpha': 2.3039835639850144e-05, 'reg_lambda': 8.349616266052111, 'min_child_weight': 0.023975288944865666, 'gamma': 5.724325032753639e-05, 'learning_rate': 0.005155309646386042, 'colsample_bytree': 0.1}. Best is trial 21 with value: 1.7485433403434232.
[I 2021-06-13 16:17:18,045] Trial 30 finished with value: 1.7507513501571492 and parameters: {'n_estimators': 887, 'max_depth': 6, 'reg_alpha': 0.08777297747356423, 'reg_lambda': 0.03560723936498893, 'min_child_weight': 0.00015511208811487635, 'gamma': 2.917068212314121, 'learning_rate': 0.007979844759098631, 'colsample_bytree': 0.2}. Best is trial 21 with value: 1.7485433403434232.
[I 2021-06-13 16:22:59,427] Trial 31 finished with value: 1.7490734383009374 and parameters: {'n_estimators': 853, 'max_depth': 5, 'reg_alpha': 1.987636350334758e-05, 'reg_lambda': 9.4643034747878, 'min_child_weight': 0.0015496086322275226, 'gamma': 0.004023432907168209, 'learning_rate': 0.026479146237124745, 'colsample_bytree': 0.32}. Best is trial 21 with value: 1.7485433403434232.
[I 2021-06-13 16:27:50,235] Trial 32 finished with value: 1.7486237258045003 and parameters: {'n_estimators': 795, 'max_depth': 5, 'reg_alpha': 1.0562051633857846e-05, 'reg_lambda': 3.1177055885126457, 'min_child_weight': 0.022445704793351753, 'gamma': 0.0049177287612618414, 'learning_rate': 0.019925390767916776, 'colsample_bytree': 0.21000000000000002}. Best is trial 21 with value: 1.7485433403434232.
[I 2021-06-13 16:30:56,756] Trial 33 finished with value: 1.7500879111777992 and parameters: {'n_estimators': 695, 'max_depth': 4, 'reg_alpha': 0.0010100787321841468, 'reg_lambda': 2.427712188308638, 'min_child_weight': 0.19734357561815272, 'gamma': 0.0005039206723688953, 'learning_rate': 0.016736515420516473, 'colsample_bytree': 0.15000000000000002}. Best is trial 21 with value: 1.7485433403434232.
[I 2021-06-13 16:37:49,567] Trial 34 finished with value: 1.7494701772011816 and parameters: {'n_estimators': 801, 'max_depth': 5, 'reg_alpha': 1.4091623102694288e-05, 'reg_lambda': 0.17087237531741817, 'min_child_weight': 0.04589881404448591, 'gamma': 0.01057252949484348, 'learning_rate': 0.017459920965974342, 'colsample_bytree': 0.33999999999999997}. Best is trial 21 with value: 1.7485433403434232.
[I 2021-06-13 16:42:30,944] Trial 35 finished with value: 1.7495462133812718 and parameters: {'n_estimators': 768, 'max_depth': 5, 'reg_alpha': 0.00010992133302065778, 'reg_lambda': 1.059360912189681e-05, 'min_child_weight': 0.3973868913244664, 'gamma': 0.5839796023466071, 'learning_rate': 0.01270168028317987, 'colsample_bytree': 0.19}. Best is trial 21 with value: 1.7485433403434232.
[I 2021-06-13 16:49:03,040] Trial 36 finished with value: 1.7502548211584799 and parameters: {'n_estimators': 820, 'max_depth': 6, 'reg_alpha': 3.959371499387999e-05, 'reg_lambda': 2.9343191434008205, 'min_child_weight': 0.016374434412496728, 'gamma': 0.020970397031440165, 'learning_rate': 0.029641011796223766, 'colsample_bytree': 0.51}. Best is trial 21 with value: 1.7485433403434232.
[I 2021-06-13 16:52:06,658] Trial 37 finished with value: 1.748544567781035 and parameters: {'n_estimators': 877, 'max_depth': 4, 'reg_alpha': 0.0009008090153761648, 'reg_lambda': 0.6336338725069055, 'min_child_weight': 0.0042431408038733276, 'gamma': 0.0028915081737263455, 'learning_rate': 0.02137622404717355, 'colsample_bytree': 0.1}. Best is trial 21 with value: 1.7485433403434232.
[I 2021-06-13 16:54:40,521] Trial 38 finished with value: 1.7500030781337992 and parameters: {'n_estimators': 960, 'max_depth': 3, 'reg_alpha': 0.0004648951902425265, 'reg_lambda': 0.6432659711637195, 'min_child_weight': 0.004673715182969772, 'gamma': 0.004603528979492784, 'learning_rate': 0.021103112507451435, 'colsample_bytree': 0.11}. Best is trial 21 with value: 1.7485433403434232.
[I 2021-06-13 16:59:10,884] Trial 39 finished with value: 1.7503997094983235 and parameters: {'n_estimators': 886, 'max_depth': 4, 'reg_alpha': 0.002367694415210439, 'reg_lambda': 0.1382518532319058, 'min_child_weight': 0.010883580410498264, 'gamma': 0.04977234160404878, 'learning_rate': 0.034117788823876366, 'colsample_bytree': 0.37}. Best is trial 21 with value: 1.7485433403434232.
[I 2021-06-13 17:03:19,496] Trial 40 finished with value: 1.7507404147516936 and parameters: {'n_estimators': 885, 'max_depth': 4, 'reg_alpha': 0.009045267277002346, 'reg_lambda': 0.030887683410047818, 'min_child_weight': 0.052984928010152435, 'gamma': 0.01374314322441639, 'learning_rate': 0.01230268022210954, 'colsample_bytree': 0.19}. Best is trial 21 with value: 1.7485433403434232.
[I 2021-06-13 17:09:26,450] Trial 41 finished with value: 1.7492669332569466 and parameters: {'n_estimators': 839, 'max_depth': 5, 'reg_alpha': 0.00043513141732470415, 'reg_lambda': 4.133531717241724, 'min_child_weight': 0.003043823327883887, 'gamma': 0.0007657089115806562, 'learning_rate': 0.02074195371051876, 'colsample_bytree': 0.30000000000000004}. Best is trial 21 with value: 1.7485433403434232.
[I 2021-06-13 17:11:27,126] Trial 42 finished with value: 1.7488811395258643 and parameters: {'n_estimators': 800, 'max_depth': 4, 'reg_alpha': 0.02016926495713628, 'reg_lambda': 0.8068364986220535, 'min_child_weight': 0.015360898311812544, 'gamma': 0.002430843078214313, 'learning_rate': 0.04783605333732074, 'colsample_bytree': 0.13}. Best is trial 21 with value: 1.7485433403434232.
[I 2021-06-13 17:14:25,436] Trial 43 finished with value: 1.7502702523563056 and parameters: {'n_estimators': 741, 'max_depth': 3, 'reg_alpha': 0.002508577061854612, 'reg_lambda': 1.9901161840615154, 'min_child_weight': 2.4799025945051528e-05, 'gamma': 0.005291945507529801, 'learning_rate': 0.03803737543630763, 'colsample_bytree': 0.23}. Best is trial 21 with value: 1.7485433403434232.
[I 2021-06-13 17:32:55,934] Trial 46 finished with value: 1.7511073478928767 and parameters: {'n_estimators': 776, 'max_depth': 4, 'reg_alpha': 0.00014314686459195185, 'reg_lambda': 1.6038223261155466, 'min_child_weight': 0.007583752624701022, 'gamma': 0.00027351590532868355, 'learning_rate': 0.02291107109186378, 'colsample_bytree': 0.6}. Best is trial 21 with value: 1.7485433403434232.
[I 2021-06-13 17:39:54,011] Trial 47 finished with value: 1.7489847212734633 and parameters: {'n_estimators': 920, 'max_depth': 5, 'reg_alpha': 7.758320026123901e-05, 'reg_lambda': 5.796129835813437, 'min_child_weight': 0.0007888973749760506, 'gamma': 0.0011131966146928293, 'learning_rate': 0.06009911184536631, 'colsample_bytree': 0.17}. Best is trial 21 with value: 1.7485433403434232.
[I 2021-06-13 17:45:32,358] Trial 48 finished with value: 1.7514365486507304 and parameters: {'n_estimators': 972, 'max_depth': 6, 'reg_alpha': 0.0007322993961135503, 'reg_lambda': 0.7149882822998677, 'min_child_weight': 0.00027184393980840896, 'gamma': 0.00010771214887922328, 'learning_rate': 0.11642307134841023, 'colsample_bytree': 0.23}. Best is trial 21 with value: 1.7485433403434232.
[I 2021-06-13 17:57:17,197] Trial 49 finished with value: 1.746808508687187 and parameters: {'n_estimators': 838, 'max_depth': 6, 'reg_alpha': 3.81862831750964, 'reg_lambda': 3.332687706294929, 'min_child_weight': 0.03219521637751657, 'gamma': 0.002672832237690007, 'learning_rate': 0.03478401747813965, 'colsample_bytree': 0.1}. Best is trial 49 with value: 1.746808508687187.
[I 2021-06-14 16:00:19,881] Trial 0 finished with value: 1.7487695360984654 and parameters: {'n_estimators': 521, 'max_depth': 4, 'reg_alpha': 8.55101225776834, 'reg_lambda': 0.0007994214225894374, 'min_child_weight': 0.009758077307538734, 'gamma': 0.0025187016112996354, 'learning_rate': 0.0566435821444712, 'colsample_bytree': 0.29000000000000004}. Best is trial 0 with value: 1.7487695360984654.
[I 2021-06-14 16:04:45,801] Trial 1 finished with value: 1.7506036935754121 and parameters: {'n_estimators': 749, 'max_depth': 5, 'reg_alpha': 0.3857815446114492, 'reg_lambda': 0.01818048966217933, 'min_child_weight': 0.1018935206122741, 'gamma': 0.007497725307265417, 'learning_rate': 0.04354358145944056, 'colsample_bytree': 0.51}. Best is trial 0 with value: 1.7487695360984654.
[I 2021-06-14 16:06:08,206] Trial 2 finished with value: 1.7528584271872416 and parameters: {'n_estimators': 600, 'max_depth': 2, 'reg_alpha': 0.13997742062075844, 'reg_lambda': 1.8831825922523227e-05, 'min_child_weight': 1.4420734970152903e-05, 'gamma': 7.035289522194632e-05, 'learning_rate': 0.18125402303171673, 'colsample_bytree': 0.6}. Best is trial 0 with value: 1.7487695360984654.
[I 2021-06-14 16:09:30,292] Trial 3 finished with value: 1.7513460840432904 and parameters: {'n_estimators': 563, 'max_depth': 6, 'reg_alpha': 0.00016216541450863779, 'reg_lambda': 1.7294603549423568e-05, 'min_child_weight': 0.07794013328967879, 'gamma': 0.6133318045718733, 'learning_rate': 0.06348144915883426, 'colsample_bytree': 0.55}. Best is trial 0 with value: 1.7487695360984654.
[I 2021-06-14 16:10:57,325] Trial 4 finished with value: 1.773097855504474 and parameters: {'n_estimators': 912, 'max_depth': 6, 'reg_alpha': 0.013777012575597113, 'reg_lambda': 0.0011221988196098162, 'min_child_weight': 0.003410518289987775, 'gamma': 0.002933810753953381, 'learning_rate': 0.46745060198143396, 'colsample_bytree': 0.63}. Best is trial 0 with value: 1.7487695360984654.
[I 2021-06-14 16:16:06,369] Trial 5 finished with value: 1.7520147536584176 and parameters: {'n_estimators': 728, 'max_depth': 5, 'reg_alpha': 1.278902488049335e-05, 'reg_lambda': 4.960406097907748, 'min_child_weight': 3.6960021540016514, 'gamma': 5.4071507179503776e-05, 'learning_rate': 0.051022635200656856, 'colsample_bytree': 0.89}. Best is trial 0 with value: 1.7487695360984654.
[I 2021-06-14 16:17:14,437] Trial 6 finished with value: 1.7524919419856742 and parameters: {'n_estimators': 725, 'max_depth': 2, 'reg_alpha': 0.0001449405688271395, 'reg_lambda': 4.596676654410636e-05, 'min_child_weight': 0.5064747227407359, 'gamma': 0.002663858708615403, 'learning_rate': 0.17673691821697424, 'colsample_bytree': 0.38}. Best is trial 0 with value: 1.7487695360984654.
[I 2021-06-14 16:20:31,568] Trial 7 finished with value: 1.7528675792878494 and parameters: {'n_estimators': 687, 'max_depth': 3, 'reg_alpha': 0.0011031658760209664, 'reg_lambda': 0.04571546545063496, 'min_child_weight': 1.70639086521609e-05, 'gamma': 0.08666852555352517, 'learning_rate': 0.08030110495139255, 'colsample_bytree': 0.98}. Best is trial 0 with value: 1.7487695360984654.
[I 2021-06-14 16:21:58,609] Trial 8 finished with value: 1.7544931737482548 and parameters: {'n_estimators': 863, 'max_depth': 6, 'reg_alpha': 0.40341815915958673, 'reg_lambda': 0.0009629351058117345, 'min_child_weight': 0.19438341583846727, 'gamma': 0.00030858057013630766, 'learning_rate': 0.1913853056378592, 'colsample_bytree': 0.42000000000000004}. Best is trial 0 with value: 1.7487695360984654.
[I 2021-06-14 16:23:59,107] Trial 9 finished with value: 1.7527180877750739 and parameters: {'n_estimators': 619, 'max_depth': 2, 'reg_alpha': 2.4127805301965724e-05, 'reg_lambda': 4.222640120557271, 'min_child_weight': 1.0060021017236658, 'gamma': 0.00030619624140863175, 'learning_rate': 0.18662061235558333, 'colsample_bytree': 0.9}. Best is trial 0 with value: 1.7487695360984654.
[I 2021-06-14 16:25:52,246] Trial 10 finished with value: 1.7710967061527074 and parameters: {'n_estimators': 514, 'max_depth': 4, 'reg_alpha': 6.19579242812796, 'reg_lambda': 0.21072898629869627, 'min_child_weight': 0.0017413735067905978, 'gamma': 4.514925636127408, 'learning_rate': 0.008426079952021482, 'colsample_bytree': 0.13}. Best is trial 0 with value: 1.7487695360984654.
[I 2021-06-14 16:29:00,711] Trial 11 finished with value: 1.7507954135790467 and parameters: {'n_estimators': 824, 'max_depth': 4, 'reg_alpha': 8.978813289514294, 'reg_lambda': 0.0035873543984931175, 'min_child_weight': 0.016615952588425936, 'gamma': 0.040830029959760504, 'learning_rate': 0.012384164887113722, 'colsample_bytree': 0.13}. Best is trial 0 with value: 1.7487695360984654.
[I 2021-06-14 16:34:53,690] Trial 12 finished with value: 1.749159851920046 and parameters: {'n_estimators': 974, 'max_depth': 5, 'reg_alpha': 1.0737279358385843, 'reg_lambda': 0.00020796562059417688, 'min_child_weight': 0.0002816946191712172, 'gamma': 0.014453107242186618, 'learning_rate': 0.018237212695984464, 'colsample_bytree': 0.31}. Best is trial 0 with value: 1.7487695360984654.
[I 2021-06-14 16:40:07,564] Trial 13 finished with value: 1.7487034436183981 and parameters: {'n_estimators': 974, 'max_depth': 5, 'reg_alpha': 2.2568572373624622, 'reg_lambda': 0.00014575734172647185, 'min_child_weight': 0.0002323537012265969, 'gamma': 0.04054085412359835, 'learning_rate': 0.0204596367534558, 'colsample_bytree': 0.27}. Best is trial 13 with value: 1.7487034436183981.
[I 2021-06-14 16:43:41,971] Trial 14 finished with value: 1.7495969392113389 and parameters: {'n_estimators': 961, 'max_depth': 3, 'reg_alpha': 6.83685573306642, 'reg_lambda': 0.0001442177019279664, 'min_child_weight': 0.00032727479183052754, 'gamma': 0.29314104195125806, 'learning_rate': 0.024397373400070792, 'colsample_bytree': 0.24000000000000002}. Best is trial 13 with value: 1.7487034436183981.
[I 2021-06-14 16:47:14,483] Trial 15 finished with value: 1.7647072856064885 and parameters: {'n_estimators': 832, 'max_depth': 4, 'reg_alpha': 0.014173731597474138, 'reg_lambda': 0.00033185018654967075, 'min_child_weight': 0.00012009628665369522, 'gamma': 0.0006735346757649723, 'learning_rate': 0.005480511575678593, 'colsample_bytree': 0.21000000000000002}. Best is trial 13 with value: 1.7487034436183981.
[I 2021-06-14 16:53:36,222] Trial 16 finished with value: 1.7512994967407547 and parameters: {'n_estimators': 500, 'max_depth': 5, 'reg_alpha': 1.5627827547073394, 'reg_lambda': 0.004224019247134182, 'min_child_weight': 0.022461478545945913, 'gamma': 1.7110117832053573, 'learning_rate': 0.030628289599485336, 'colsample_bytree': 0.76}. Best is trial 13 with value: 1.7487034436183981.
[I 2021-06-14 16:54:35,742] Trial 17 finished with value: 1.7500267430158332 and parameters: {'n_estimators': 657, 'max_depth': 3, 'reg_alpha': 0.05787487417467049, 'reg_lambda': 7.123362461536006e-05, 'min_child_weight': 0.00084519010253807, 'gamma': 0.05835668660205518, 'learning_rate': 0.0940128463540148, 'colsample_bytree': 0.1}. Best is trial 13 with value: 1.7487034436183981.
[I 2021-06-14 17:01:08,079] Trial 18 finished with value: 1.7498000428371132 and parameters: {'n_estimators': 791, 'max_depth': 5, 'reg_alpha': 2.579496614921366, 'reg_lambda': 0.0008117233334279924, 'min_child_weight': 6.115933723645629e-05, 'gamma': 1.696091998022058e-05, 'learning_rate': 0.013834030343530559, 'colsample_bytree': 0.41000000000000003}. Best is trial 13 with value: 1.7487034436183981.
[I 2021-06-14 17:04:31,886] Trial 19 finished with value: 1.7498671704473905 and parameters: {'n_estimators': 885, 'max_depth': 4, 'reg_alpha': 0.05163184968014263, 'reg_lambda': 1.0863833773729643e-05, 'min_child_weight': 0.02221296820693697, 'gamma': 0.02305250169731123, 'learning_rate': 0.03246871725610384, 'colsample_bytree': 0.25}. Best is trial 13 with value: 1.7487034436183981.
[I 2021-06-14 17:08:38,708] Trial 20 finished with value: 1.7542363243300467 and parameters: {'n_estimators': 940, 'max_depth': 3, 'reg_alpha': 8.269381429468638, 'reg_lambda': 0.22938793668028473, 'min_child_weight': 0.005622507334361406, 'gamma': 0.0016095819281123816, 'learning_rate': 0.010697041784362711, 'colsample_bytree': 0.33999999999999997}. Best is trial 13 with value: 1.7487034436183981.
[I 2021-06-14 17:13:10,972] Trial 21 finished with value: 1.7491043268136681 and parameters: {'n_estimators': 994, 'max_depth': 5, 'reg_alpha': 0.9578668592354693, 'reg_lambda': 0.0003612428611502954, 'min_child_weight': 0.0004451199903342201, 'gamma': 0.00981545781769231, 'learning_rate': 0.024433810062406646, 'colsample_bytree': 0.29000000000000004}. Best is trial 13 with value: 1.7487034436183981.
[I 2021-06-14 17:17:36,354] Trial 22 finished with value: 1.7486696632613428 and parameters: {'n_estimators': 999, 'max_depth': 5, 'reg_alpha': 0.5528921777292641, 'reg_lambda': 0.00043312298033351584, 'min_child_weight': 0.0007610994319464771, 'gamma': 0.006096271420130657, 'learning_rate': 0.020697595429231528, 'colsample_bytree': 0.2}. Best is trial 22 with value: 1.7486696632613428.
[I 2021-06-14 17:21:51,267] Trial 23 finished with value: 1.7535358070479705 and parameters: {'n_estimators': 990, 'max_depth': 4, 'reg_alpha': 0.28344550035404953, 'reg_lambda': 0.0036936635682062696, 'min_child_weight': 6.991005303696021e-05, 'gamma': 0.17943035312423253, 'learning_rate': 0.007705558674194749, 'colsample_bytree': 0.19}. Best is trial 22 with value: 1.7486696632613428.
[I 2021-06-14 17:27:36,595] Trial 24 finished with value: 1.7472032113784923 and parameters: {'n_estimators': 936, 'max_depth': 6, 'reg_alpha': 2.880272164734448, 'reg_lambda': 5.9431377429438385e-05, 'min_child_weight': 0.0011401683567310102, 'gamma': 0.002995122124923508, 'learning_rate': 0.018103251547348265, 'colsample_bytree': 0.15000000000000002}. Best is trial 24 with value: 1.7472032113784923.
[I 2021-06-14 17:32:08,285] Trial 25 finished with value: 1.7469594301111064 and parameters: {'n_estimators': 928, 'max_depth': 6, 'reg_alpha': 2.871887649099464, 'reg_lambda': 7.494991351614428e-05, 'min_child_weight': 0.001604735436984215, 'gamma': 0.0006069058568167891, 'learning_rate': 0.018682966623120162, 'colsample_bytree': 0.1}. Best is trial 25 with value: 1.7469594301111064.
[I 2021-06-14 17:36:45,413] Trial 26 finished with value: 1.7629085416942836 and parameters: {'n_estimators': 931, 'max_depth': 6, 'reg_alpha': 0.08768433361760435, 'reg_lambda': 3.7014808634324135e-05, 'min_child_weight': 0.001557503288646371, 'gamma': 0.0007625244207065436, 'learning_rate': 0.005434351294129906, 'colsample_bytree': 0.1}. Best is trial 25 with value: 1.7469594301111064.
[I 2021-06-14 17:42:46,956] Trial 27 finished with value: 1.7482646404045634 and parameters: {'n_estimators': 900, 'max_depth': 6, 'reg_alpha': 0.003340908626304714, 'reg_lambda': 1.065227025532487e-05, 'min_child_weight': 0.0022226347933245972, 'gamma': 0.00012547814148238846, 'learning_rate': 0.016231560429975637, 'colsample_bytree': 0.16}. Best is trial 25 with value: 1.7469594301111064.
[I 2021-06-14 17:48:45,855] Trial 28 finished with value: 1.748239458190836 and parameters: {'n_estimators': 893, 'max_depth': 6, 'reg_alpha': 0.003333022905724592, 'reg_lambda': 1.0363692538009885e-05, 'min_child_weight': 0.002442331026726845, 'gamma': 9.260840304585295e-05, 'learning_rate': 0.015247875207533925, 'colsample_bytree': 0.16}. Best is trial 25 with value: 1.7469594301111064.
[I 2021-06-14 17:59:01,222] Trial 29 finished with value: 1.751064118482638 and parameters: {'n_estimators': 861, 'max_depth': 6, 'reg_alpha': 0.0016867648100516318, 'reg_lambda': 6.530198728054615e-05, 'min_child_weight': 0.0067676075627622736, 'gamma': 1.6202901874364142e-05, 'learning_rate': 0.008719673160393258, 'colsample_bytree': 0.45999999999999996}. Best is trial 25 with value: 1.7469594301111064.
[I 2021-06-14 18:01:35,391] Trial 30 finished with value: 1.7488736044757067 and parameters: {'n_estimators': 800, 'max_depth': 6, 'reg_alpha': 0.004780092728178823, 'reg_lambda': 2.5320467731366227e-05, 'min_child_weight': 0.010195202215858627, 'gamma': 0.00015613839380520942, 'learning_rate': 0.037539371212860134, 'colsample_bytree': 0.1}. Best is trial 25 with value: 1.7469594301111064.
